2016-09-27 10:42:36-None-Search2016-09-27 10:42:53-None-Got the search query2016-09-27 10:42:53-None-https://www.youtube.com/results?search_query=Sel&page=12016-09-27 10:46:37-None-Search
2016-09-27 10:46:45-None-Got the search query
2016-09-27 10:46:46-None-https://www.youtube.com/results?search_query=Sel&page=1
2016-09-27 10:48:29-None-Starting file download Thread
2016-09-27 10:48:30-None-downloading File
2016-09-27 14:41:23-None-Search
2016-09-27 14:41:33-None-Got the search query
2016-09-27 14:41:33-None-https://www.youtube.com/results?search_query=Porn&page=1
2016-09-27 14:41:57-None-Video download thread started
2016-09-27 14:41:57-None-Starting web driver
2016-09-27 14:42:18-None-Starting file download Thread
2016-09-27 14:42:19-None-downloading File
2016-09-27 14:42:19-None-downloading File
2016-09-27 14:42:19-None-file downloaded
2016-09-27 17:53:58-None-Search
2016-09-27 17:54:03-None-Got the search query
2016-09-27 17:54:03-None-https://www.youtube.com/results?search_query=Rp hall&page=1
2016-09-27 17:54:09-None-Video download thread started
2016-09-27 17:54:09-None-Starting web driver
2016-09-27 17:54:10-None-Webdriver started
2016-09-27 17:54:10-None-http://www.getlinkyoutube.com/watch?v=3yshmCrNWtA
2016-09-27 17:55:13-None-http://www.getlinkyoutube.com/watch?v=3yshmCrNWtA
2016-09-27 17:55:13-None-Getting detalis for RP Hall Illumination 2015
2016-09-27 17:55:17-None-Unable to get video links
2016-09-27 18:02:38-None-Search
2016-09-27 18:02:42-None-Got the search query
2016-09-27 18:02:42-None-https://www.youtube.com/results?search_query=Rp hall&page=1
2016-09-27 18:02:48-None-Video download thread started
2016-09-27 18:02:48-None-Starting web driver
2016-09-27 18:02:49-None-Webdriver started
2016-09-27 18:02:49-None-http://www.getlinkyoutube.com/watch?v=3yshmCrNWtA
2016-09-27 18:03:24-None-http://www.getlinkyoutube.com/watch?v=3yshmCrNWtA
2016-09-27 18:03:24-None-Getting detalis for RP Hall Illumination 2015
2016-09-27 18:03:28-None-Unable to get video links
2016-09-27 18:03:40-None-Video download thread started
2016-09-27 18:03:40-None-Starting web driver
2016-09-27 18:03:41-None-Webdriver started
2016-09-27 18:03:41-None-http://www.getlinkyoutube.com/watch?v=3pQkes7NdLc
2016-09-27 18:03:47-None-http://www.getlinkyoutube.com/watch?v=3pQkes7NdLc
2016-09-27 18:05:30-None-Search
2016-09-27 18:05:36-None-Got the search query
2016-09-27 18:05:36-None-https://www.youtube.com/results?search_query=Rp hall&page=1
2016-09-27 18:05:43-None-Video download thread started
2016-09-27 18:05:43-None-Starting web driver
2016-09-27 18:05:44-None-Webdriver started
2016-09-27 18:05:44-None-http://www.getlinkyoutube.com/watch?v=3pQkes7NdLc
2016-09-27 18:06:17-None-http://www.getlinkyoutube.com/watch?v=3pQkes7NdLc
2016-09-27 18:06:17-None-Getting detalis for MC KAUAN AO VIVO RP HALL RIBEIRÃO PRETO 07/02/2014
2016-09-27 18:06:21-None-Unable to get video links
2016-09-27 18:06:51-None-Search
2016-09-27 18:06:56-None-Got the search query
2016-09-27 18:06:56-None-https://www.youtube.com/results?search_query=Rp hall&page=1
2016-09-27 18:07:00-None-Video download thread started
2016-09-27 18:07:00-None-Starting web driver
2016-09-27 18:07:01-None-Webdriver started
2016-09-27 18:07:01-None-http://www.getlinkyoutube.com/watch?v=3pQkes7NdLc
2016-09-27 18:07:35-None-http://www.getlinkyoutube.com/watch?v=3pQkes7NdLc
2016-09-27 18:07:35-None-Getting detalis for MC KAUAN AO VIVO RP HALL RIBEIRÃO PRETO 07/02/2014
2016-09-27 18:07:39-None-Unable to get video links
2016-09-27 18:08:06-None-Video download thread started
2016-09-27 18:08:06-None-Starting web driver
2016-09-27 18:08:07-None-Webdriver started
2016-09-27 18:08:07-None-http://www.getlinkyoutube.com/watch?v=b3P7ElG4dnI
2016-09-27 18:09:13-None-http://www.getlinkyoutube.com/watch?v=b3P7ElG4dnI
2016-09-27 18:09:13-None-Getting detalis for RP Hall bronze winning Video Ad, 2015 - 2016
2016-09-27 18:09:17-None-Unable to get video links
2016-09-27 18:09:34-None-Search
2016-09-27 18:09:38-None-Got the search query
2016-09-27 18:09:38-None-https://www.youtube.com/results?search_query=Selena&page=1
2016-09-27 18:09:42-None-Video download thread started
2016-09-27 18:09:42-None-Starting web driver
2016-09-27 18:09:43-None-Webdriver started
2016-09-27 18:09:43-None-http://www.getlinkyoutube.com/watch?v=HHP5MKgK0o8
2016-09-27 18:10:17-None-http://www.getlinkyoutube.com/watch?v=HHP5MKgK0o8
2016-09-27 18:10:17-None-Getting detalis for Selena Gomez - Kill Em With Kindness
2016-09-27 18:10:21-None-Unable to get video links
2016-09-27 18:29:57-None-Search
2016-09-27 18:29:59-None-Got the search query
2016-09-27 18:30:00-None-https://www.youtube.com/results?search_query=Tyy&page=1
2016-09-27 18:34:22-None-Search
2016-09-27 18:34:25-None-Got the search query
2016-09-27 18:34:25-None-https://www.youtube.com/results?search_query=Hzjs&page=1
2016-09-27 18:36:02-None-Search
2016-09-27 18:36:05-None-Got the search query
2016-09-27 18:36:05-None-https://www.youtube.com/results?search_query=Hs&page=1
2016-09-27 18:36:08-None-Video download thread started
2016-09-27 18:36:08-None-Starting web driver
2016-09-27 18:36:09-None-Webdriver started
2016-09-27 18:36:09-None-http://www.getlinkyoutube.com/watch?v=AVI15KmX-eo
2016-09-27 18:36:43-None-http://www.getlinkyoutube.com/watch?v=AVI15KmX-eo
2016-09-27 18:36:43-None-Getting detalis for My Friend Bought A McLaren MSO HS
2016-09-27 18:37:02-None-I got the video links as follows : 
2016-09-27 18:37:02-None-[{'short_url': 'http://bit.ly/2d6F4no', 'ext': 'Mp4 : ', 'quality': '720p'}, {'short_url': 'http://bit.ly/2d6dCb4', 'ext': 'Mp4 : ', 'quality': '360p'}, {'short_url': 'http://bit.ly/2d6ef4y', 'ext': '3gp : ', 'quality': '240p'}, {'short_url': 'http://bit.ly/2d6BJVL', 'ext': '3gp : ', 'quality': '144p'}, {'short_url': 'http://bit.ly/2d6f4dG', 'ext': 'Mp4 : ', 'quality': 'HD 1080p (Video)'}, {'short_url': 'http://bit.ly/2d6CBJV', 'ext': 'Mp4 : ', 'quality': 'HD 720p (Video)'}, {'short_url': 'http://bit.ly/2d6f4KM', 'ext': 'Mp4 : ', 'quality': '480p (Video)'}, {'short_url': 'http://bit.ly/2d6e49h', 'ext': 'Mp4 : ', 'quality': '360 (Video)'}, {'short_url': 'http://bit.ly/2d6f90X', 'ext': 'Mp4 : ', 'quality': '240p (Video)'}, {'short_url': 'http://bit.ly/2d6ez3l', 'ext': 'Mp4 : ', 'quality': '144p (Video)'}, {'short_url': 'http://bit.ly/2d6eIDF', 'ext': 'm4a : ', 'quality': '128kbps (Audio)'}, {'short_url': 'http://bit.ly/2d6CRs8', 'ext': 'm4a : ', 'quality': '50kbps (Audio)'}, {'short_url': 'http://bit.ly/2d6dQ1Y', 'ext': 'm4a : ', 'quality': '70kbps (Audio)'}, {'short_url': 'http://bit.ly/2d6CXAj', 'ext': 'm4a : ', 'quality': '160kbps (Audio)'}]
2016-09-27 18:38:20-None-Search
2016-09-27 18:38:22-None-Got the search query
2016-09-27 18:38:23-None-https://www.youtube.com/results?search_query=Hs&page=1
2016-09-27 18:38:27-None-Video download thread started
2016-09-27 18:38:27-None-Starting web driver
2016-09-27 18:38:28-None-Webdriver started
2016-09-27 18:38:28-None-http://www.getlinkyoutube.com/watch?v=AVI15KmX-eo
2016-09-27 18:38:34-None-http://www.getlinkyoutube.com/watch?v=AVI15KmX-eo
2016-09-27 18:38:35-None-Getting detalis for My Friend Bought A McLaren MSO HS
2016-09-27 18:38:46-None-Got the video link
2016-09-27 18:38:46-None-Video download thread started
2016-09-27 18:38:46-None-Starting web driver
2016-09-27 18:38:47-None-Webdriver started
2016-09-27 18:38:47-None-http://www.getlinkyoutube.com/watch?v=MDB2iYpog_k
2016-09-27 18:38:53-None-I got the video links as follows : 
2016-09-27 18:38:53-None-[{'short_url': 'http://bit.ly/2d6dYP7', 'quality': '720p', 'ext': 'Mp4 : '}, {'short_url': 'http://bit.ly/2d6fj8t', 'quality': '360p', 'ext': 'Mp4 : '}, {'short_url': 'http://bit.ly/2d6e0GJ', 'quality': '240p', 'ext': '3gp : '}, {'short_url': 'http://bit.ly/2d6Caiv', 'quality': '144p', 'ext': '3gp : '}, {'short_url': 'http://bit.ly/2d6emxb', 'quality': 'HD 1080p (Video)', 'ext': 'Mp4 : '}, {'short_url': 'http://bit.ly/2d6eoVx', 'quality': 'HD 720p (Video)', 'ext': 'Mp4 : '}, {'short_url': 'http://bit.ly/2d6CwG3', 'quality': '480p (Video)', 'ext': 'Mp4 : '}, {'short_url': 'http://bit.ly/2d6emNH', 'quality': '360 (Video)', 'ext': 'Mp4 : '}, {'short_url': 'http://bit.ly/2d6fssD', 'quality': '240p (Video)', 'ext': 'Mp4 : '}, {'short_url': 'http://bit.ly/2d6e1dL', 'quality': '144p (Video)', 'ext': 'Mp4 : '}, {'short_url': 'http://bit.ly/2d6Czlg', 'quality': '128kbps (Audio)', 'ext': 'm4a : '}, {'short_url': 'http://bit.ly/2d6eGM4', 'quality': '50kbps (Audio)', 'ext': 'm4a : '}, {'short_url': 'http://bit.ly/2d6CcqD', 'quality': '70kbps (Audio)', 'ext': 'm4a : '}, {'short_url': 'http://bit.ly/2d6Cy0O', 'quality': '160kbps (Audio)', 'ext': 'm4a : '}]
2016-09-27 18:38:54-None-http://www.getlinkyoutube.com/watch?v=MDB2iYpog_k
2016-09-27 18:38:54-None-Getting detalis for Grandmaster Tier HS Match [Full Game vs. Yuki]
2016-09-27 18:39:15-None-I got the video links as follows : 
2016-09-27 18:39:15-None-[{'short_url': 'http://bit.ly/2d6CUEz', 'quality': '720p', 'ext': 'Mp4 : '}, {'short_url': 'http://bit.ly/2d6Caz4', 'quality': '360p', 'ext': 'Mp4 : '}, {'short_url': 'http://bit.ly/2d6D66Q', 'quality': '240p', 'ext': '3gp : '}, {'short_url': 'http://bit.ly/2d6eTir', 'quality': '144p', 'ext': '3gp : '}, {'short_url': 'http://bit.ly/2d6e21j', 'quality': 'HD 1080p (Video)', 'ext': 'Mp4 : '}, {'short_url': 'http://bit.ly/2d6D7aU', 'quality': 'HD 1080p (60 fps, Video)', 'ext': 'Mp4 : '}, {'short_url': 'http://bit.ly/2d6fzoc', 'quality': 'HD 720p (Video)', 'ext': 'Mp4 : '}, {'short_url': 'http://bit.ly/2d6eVqH', 'quality': 'HD 720p (60 fps, Video)', 'ext': 'Mp4 : '}, {'short_url': 'http://bit.ly/2d6gvbQ', 'quality': '480p (Video)', 'ext': 'Mp4 : '}, {'short_url': 'http://bit.ly/2d6e1dA', 'quality': '360 (Video)', 'ext': 'Mp4 : '}, {'short_url': 'http://bit.ly/2d6eY5T', 'quality': '240p (Video)', 'ext': 'Mp4 : '}, {'short_url': 'http://bit.ly/2d6eug6', 'quality': '144p (Video)', 'ext': 'Mp4 : '}, {'short_url': 'http://bit.ly/2d6Cgqn', 'quality': '128kbps (Audio)', 'ext': 'm4a : '}, {'short_url': 'http://bit.ly/2d6eE74', 'quality': '50kbps (Audio)', 'ext': 'm4a : '}, {'short_url': 'http://bit.ly/2d6DF0g', 'quality': '70kbps (Audio)', 'ext': 'm4a : '}, {'short_url': 'http://bit.ly/2d6CCO6', 'quality': '160kbps (Audio)', 'ext': 'm4a : '}]
2016-09-27 18:40:44-None-Search
2016-09-27 18:40:56-None-Got the video link
2016-09-27 18:40:56-None-Video download thread started
2016-09-27 18:40:56-None-Starting web driver
2016-09-27 18:40:57-None-Webdriver started
2016-09-27 18:40:57-None-http://www.getlinkyoutube.com/watch?v=MDB2iYpog_k
2016-09-27 18:41:04-None-http://www.getlinkyoutube.com/watch?v=MDB2iYpog_k
2016-09-27 18:41:04-None-Getting detalis for Grandmaster Tier HS Match [Full Game vs. Yuki]
2016-09-27 18:41:25-None-I got the video links as follows : 
2016-09-27 18:41:25-None-[{'short_url': 'http://bit.ly/2d6D3b4', 'ext': 'Mp4 : ', 'quality': '720p'}, {'short_url': 'http://bit.ly/2d6CgXw', 'ext': 'Mp4 : ', 'quality': '360p'}, {'short_url': 'http://bit.ly/2d6fIrv', 'ext': '3gp : ', 'quality': '240p'}, {'short_url': 'http://bit.ly/2d6D3Yz', 'ext': '3gp : ', 'quality': '144p'}, {'short_url': 'http://bit.ly/2d6DOAY', 'ext': 'Mp4 : ', 'quality': 'HD 1080p (Video)'}, {'short_url': 'http://bit.ly/2d6CEp3', 'ext': 'Mp4 : ', 'quality': 'HD 1080p (60 fps, Video)'}, {'short_url': 'http://bit.ly/2d6D26W', 'ext': 'Mp4 : ', 'quality': 'HD 720p (Video)'}, {'short_url': 'http://bit.ly/2d6CTR3', 'ext': 'Mp4 : ', 'quality': 'HD 720p (60 fps, Video)'}, {'short_url': 'http://bit.ly/2d6DUsg', 'ext': 'Mp4 : ', 'quality': '480p (Video)'}, {'short_url': 'http://bit.ly/2d6Clui', 'ext': 'Mp4 : ', 'quality': '360 (Video)'}, {'short_url': 'http://bit.ly/2d6g2GF', 'ext': 'Mp4 : ', 'quality': '240p (Video)'}, {'short_url': 'http://bit.ly/2d6CEoS', 'ext': 'Mp4 : ', 'quality': '144p (Video)'}, {'short_url': 'http://bit.ly/2d6CQ7B', 'ext': 'm4a : ', 'quality': '128kbps (Audio)'}, {'short_url': 'http://bit.ly/2d6g3dH', 'ext': 'm4a : ', 'quality': '50kbps (Audio)'}, {'short_url': 'http://bit.ly/2d6DOB5', 'ext': 'm4a : ', 'quality': '70kbps (Audio)'}, {'short_url': 'http://bit.ly/2d6ePPU', 'ext': 'm4a : ', 'quality': '160kbps (Audio)'}]
2016-09-27 18:41:38-None-Search
2016-09-27 18:41:41-None-Got the search query
2016-09-27 18:41:41-None-https://www.youtube.com/results?search_query=Rp hall&page=1
2016-09-27 18:41:48-None-Video download thread started
2016-09-27 18:41:48-None-Starting web driver
2016-09-27 18:41:49-None-Webdriver started
2016-09-27 18:41:49-None-http://www.getlinkyoutube.com/watch?v=3yshmCrNWtA
2016-09-27 18:42:52-None-http://www.getlinkyoutube.com/watch?v=3yshmCrNWtA
2016-09-27 18:42:52-None-Getting detalis for RP Hall Illumination 2015
2016-09-27 18:42:56-None-Unable to get video links
2016-09-27 19:20:58-None-Search
2016-09-27 20:02:04-None-Starting file download Thread
2016-09-27 20:02:04-None-downloading File
2016-09-27 20:02:05-None-file downloaded
2016-09-27 20:04:59-None-Starting file download Thread
2016-09-27 20:04:59-None-downloading File
2016-09-27 20:05:00-None-file downloaded
